
> strat_plan@0.1.0 dev
> next dev

  ▲ Next.js 14.2.33
  - Local:        http://localhost:3000
  - Environments: .env.local
  - Experiments (use with caution):
    · optimizeCss

 ✓ Starting...
 ✓ Ready in 1096ms
 ✓ Compiled /middleware in 318ms (486 modules)
 ○ Compiling /admin/fiscal-years ...
(node:76168) ExperimentalWarning: Type Stripping is an experimental feature and might change at any time
(Use `node --trace-warnings ...` to show where the warning was created)
 ✓ Compiled /admin/fiscal-years in 1813ms (1607 modules)
 GET /admin/fiscal-years 307 in 1926ms
 ✓ Compiled in 165ms (326 modules)
<w> [webpack.cache.PackFileCacheStrategy] Serializing big strings (118kiB) impacts deserialization performance (consider using Buffer instead and decode when needed)
 ✓ Compiled / in 138ms (1588 modules)
 GET / 307 in 230ms
 ✓ Compiled /dashboard in 178ms (1642 modules)
 GET /dashboard 200 in 287ms
 ✓ Compiled /plans in 370ms (1790 modules)
 POST /plans 200 in 79ms
 ○ Compiling /plans/[id] ...
 ✓ Compiled /plans/[id] in 1199ms (3227 modules)
Error loading plan: {
  code: 'PGRST116',
  details: 'The result contains 0 rows',
  hint: null,
  message: 'Cannot coerce the result to a single JSON object'
}
Error loading dashboard: Error: Plan not found
    at getDashboardData (webpack-internal:///(rsc)/./app/actions/dashboard.ts:36:15)
    at process.processTicksAndRejections (node:internal/process/task_queues:105:5)
    at async PlanDashboardPage (webpack-internal:///(rsc)/./app/(dashboard)/plans/[id]/page.tsx:48:25)
 ✓ Compiled /_not-found in 244ms (3230 modules)
 GET /.well-known/appspecific/com.chrome.devtools.json 404 in 286ms
Error loading dashboard: Error: Unauthorized
    at getDashboardData (webpack-internal:///(rsc)/./app/actions/dashboard.ts:19:15)
    at async PlanDashboardPage (webpack-internal:///(rsc)/./app/(dashboard)/plans/[id]/page.tsx:48:25)
 GET /plans/4e3bfa44-2726-448a-a430-938ac2adb8b5 307 in 48ms
 ✓ Compiled in 312ms (3220 modules)
Error loading plan: {
  code: 'PGRST116',
  details: 'The result contains 0 rows',
  hint: null,
  message: 'Cannot coerce the result to a single JSON object'
}
Error loading dashboard: Error: Plan not found
    at getDashboardData (webpack-internal:///(rsc)/./app/actions/dashboard.ts:36:15)
    at process.processTicksAndRejections (node:internal/process/task_queues:105:5)
    at async PlanDashboardPage (webpack-internal:///(rsc)/./app/(dashboard)/plans/[id]/page.tsx:48:25)
 ✓ Compiled in 166ms (3220 modules)
 ⨯ components/plans/EnvironmentalScanDisplay.tsx (26:29) @ length
 ⨯ TypeError: Cannot read properties of undefined (reading 'length')
    at EnvironmentalScanDisplay (./components/plans/EnvironmentalScanDisplay.tsx:45:48)
    at stringify (<anonymous>)
digest: "614778265"
[0m [90m 24 |[39m [36mexport[39m [36mfunction[39m [33mEnvironmentalScanDisplay[39m({ scan }[33m:[39m [33mEnvironmentalScanDisplayProps[39m) {[0m
[0m [90m 25 |[39m   [36mconst[39m hasContent [33m=[39m[0m
[0m[31m[1m>[22m[39m[90m 26 |[39m     scan[33m.[39mdemographic_trends[33m.[39mlength [33m>[39m [35m0[39m [33m||[39m[0m
[0m [90m    |[39m                             [31m[1m^[22m[39m[0m
[0m [90m 27 |[39m     scan[33m.[39meconomic_factors[33m.[39mlength [33m>[39m [35m0[39m [33m||[39m[0m
[0m [90m 28 |[39m     scan[33m.[39mregulatory_changes[33m.[39mlength [33m>[39m [35m0[39m [33m||[39m[0m
[0m [90m 29 |[39m     scan[33m.[39mtechnology_trends[33m.[39mlength [33m>[39m [35m0[39m [33m||[39m[0m
 ⨯ components/plans/BenchmarkingDataDisplay.tsx (18:30) @ length
 ⨯ TypeError: Cannot read properties of undefined (reading 'length')
    at BenchmarkingDataDisplay (./components/plans/BenchmarkingDataDisplay.tsx:13:49)
    at stringify (<anonymous>)
digest: "2215890011"
[0m [90m 16 |[39m [36mexport[39m [36mfunction[39m [33mBenchmarkingDataDisplay[39m({ data }[33m:[39m [33mBenchmarkingDataDisplayProps[39m) {[0m
[0m [90m 17 |[39m   [36mconst[39m hasContent [33m=[39m[0m
[0m[31m[1m>[22m[39m[90m 18 |[39m     data[33m.[39mpeer_municipalities[33m.[39mlength [33m>[39m [35m0[39m [33m||[39m[0m
[0m [90m    |[39m                              [31m[1m^[22m[39m[0m
[0m [90m 19 |[39m     data[33m.[39mmetrics[33m.[39mlength [33m>[39m [35m0[39m [33m||[39m[0m
[0m [90m 20 |[39m     data[33m.[39mkey_findings[33m.[39mlength [33m>[39m [35m0[39m[0m
[0m [90m 21 |[39m[0m
 ✓ Compiled in 187ms (3220 modules)
 ⨯ components/plans/EnvironmentalScanDisplay.tsx (26:29) @ length
 ⨯ TypeError: Cannot read properties of undefined (reading 'length')
    at EnvironmentalScanDisplay (./components/plans/EnvironmentalScanDisplay.tsx:45:48)
    at stringify (<anonymous>)
digest: "614778265"
[0m [90m 24 |[39m [36mexport[39m [36mfunction[39m [33mEnvironmentalScanDisplay[39m({ scan }[33m:[39m [33mEnvironmentalScanDisplayProps[39m) {[0m
[0m [90m 25 |[39m   [36mconst[39m hasContent [33m=[39m[0m
[0m[31m[1m>[22m[39m[90m 26 |[39m     scan[33m.[39mdemographic_trends[33m.[39mlength [33m>[39m [35m0[39m [33m||[39m[0m
[0m [90m    |[39m                             [31m[1m^[22m[39m[0m
[0m [90m 27 |[39m     scan[33m.[39meconomic_factors[33m.[39mlength [33m>[39m [35m0[39m [33m||[39m[0m
[0m [90m 28 |[39m     scan[33m.[39mregulatory_changes[33m.[39mlength [33m>[39m [35m0[39m [33m||[39m[0m
[0m [90m 29 |[39m     scan[33m.[39mtechnology_trends[33m.[39mlength [33m>[39m [35m0[39m [33m||[39m[0m
 ⨯ components/plans/BenchmarkingDataDisplay.tsx (18:30) @ length
 ⨯ TypeError: Cannot read properties of undefined (reading 'length')
    at BenchmarkingDataDisplay (./components/plans/BenchmarkingDataDisplay.tsx:13:49)
    at stringify (<anonymous>)
digest: "2215890011"
[0m [90m 16 |[39m [36mexport[39m [36mfunction[39m [33mBenchmarkingDataDisplay[39m({ data }[33m:[39m [33mBenchmarkingDataDisplayProps[39m) {[0m
[0m [90m 17 |[39m   [36mconst[39m hasContent [33m=[39m[0m
[0m[31m[1m>[22m[39m[90m 18 |[39m     data[33m.[39mpeer_municipalities[33m.[39mlength [33m>[39m [35m0[39m [33m||[39m[0m
[0m [90m    |[39m                              [31m[1m^[22m[39m[0m
[0m [90m 19 |[39m     data[33m.[39mmetrics[33m.[39mlength [33m>[39m [35m0[39m [33m||[39m[0m
[0m [90m 20 |[39m     data[33m.[39mkey_findings[33m.[39mlength [33m>[39m [35m0[39m[0m
[0m [90m 21 |[39m[0m
 ✓ Compiled in 151ms (3220 modules)
 ⨯ components/plans/EnvironmentalScanDisplay.tsx (26:29) @ length
 ⨯ TypeError: Cannot read properties of undefined (reading 'length')
    at EnvironmentalScanDisplay (./components/plans/EnvironmentalScanDisplay.tsx:45:48)
    at stringify (<anonymous>)
digest: "614778265"
[0m [90m 24 |[39m [36mexport[39m [36mfunction[39m [33mEnvironmentalScanDisplay[39m({ scan }[33m:[39m [33mEnvironmentalScanDisplayProps[39m) {[0m
[0m [90m 25 |[39m   [36mconst[39m hasContent [33m=[39m[0m
[0m[31m[1m>[22m[39m[90m 26 |[39m     scan[33m.[39mdemographic_trends[33m.[39mlength [33m>[39m [35m0[39m [33m||[39m[0m
[0m [90m    |[39m                             [31m[1m^[22m[39m[0m
[0m [90m 27 |[39m     scan[33m.[39meconomic_factors[33m.[39mlength [33m>[39m [35m0[39m [33m||[39m[0m
[0m [90m 28 |[39m     scan[33m.[39mregulatory_changes[33m.[39mlength [33m>[39m [35m0[39m [33m||[39m[0m
[0m [90m 29 |[39m     scan[33m.[39mtechnology_trends[33m.[39mlength [33m>[39m [35m0[39m [33m||[39m[0m
 ⨯ components/plans/BenchmarkingDataDisplay.tsx (18:30) @ length
 ⨯ TypeError: Cannot read properties of undefined (reading 'length')
    at BenchmarkingDataDisplay (./components/plans/BenchmarkingDataDisplay.tsx:13:49)
    at stringify (<anonymous>)
digest: "2215890011"
[0m [90m 16 |[39m [36mexport[39m [36mfunction[39m [33mBenchmarkingDataDisplay[39m({ data }[33m:[39m [33mBenchmarkingDataDisplayProps[39m) {[0m
[0m [90m 17 |[39m   [36mconst[39m hasContent [33m=[39m[0m
[0m[31m[1m>[22m[39m[90m 18 |[39m     data[33m.[39mpeer_municipalities[33m.[39mlength [33m>[39m [35m0[39m [33m||[39m[0m
[0m [90m    |[39m                              [31m[1m^[22m[39m[0m
[0m [90m 19 |[39m     data[33m.[39mmetrics[33m.[39mlength [33m>[39m [35m0[39m [33m||[39m[0m
[0m [90m 20 |[39m     data[33m.[39mkey_findings[33m.[39mlength [33m>[39m [35m0[39m[0m
[0m [90m 21 |[39m[0m
 ✓ Compiled in 188ms (3220 modules)
 ⨯ components/plans/EnvironmentalScanDisplay.tsx (26:29) @ length
 ⨯ TypeError: Cannot read properties of undefined (reading 'length')
    at EnvironmentalScanDisplay (./components/plans/EnvironmentalScanDisplay.tsx:45:48)
    at stringify (<anonymous>)
digest: "614778265"
[0m [90m 24 |[39m [36mexport[39m [36mfunction[39m [33mEnvironmentalScanDisplay[39m({ scan }[33m:[39m [33mEnvironmentalScanDisplayProps[39m) {[0m
[0m [90m 25 |[39m   [36mconst[39m hasContent [33m=[39m[0m
[0m[31m[1m>[22m[39m[90m 26 |[39m     scan[33m.[39mdemographic_trends[33m.[39mlength [33m>[39m [35m0[39m [33m||[39m[0m
[0m [90m    |[39m                             [31m[1m^[22m[39m[0m
[0m [90m 27 |[39m     scan[33m.[39meconomic_factors[33m.[39mlength [33m>[39m [35m0[39m [33m||[39m[0m
[0m [90m 28 |[39m     scan[33m.[39mregulatory_changes[33m.[39mlength [33m>[39m [35m0[39m [33m||[39m[0m
[0m [90m 29 |[39m     scan[33m.[39mtechnology_trends[33m.[39mlength [33m>[39m [35m0[39m [33m||[39m[0m
 ⨯ components/plans/BenchmarkingDataDisplay.tsx (18:30) @ length
 ⨯ TypeError: Cannot read properties of undefined (reading 'length')
    at BenchmarkingDataDisplay (./components/plans/BenchmarkingDataDisplay.tsx:13:49)
    at stringify (<anonymous>)
digest: "2215890011"
[0m [90m 16 |[39m [36mexport[39m [36mfunction[39m [33mBenchmarkingDataDisplay[39m({ data }[33m:[39m [33mBenchmarkingDataDisplayProps[39m) {[0m
[0m [90m 17 |[39m   [36mconst[39m hasContent [33m=[39m[0m
[0m[31m[1m>[22m[39m[90m 18 |[39m     data[33m.[39mpeer_municipalities[33m.[39mlength [33m>[39m [35m0[39m [33m||[39m[0m
[0m [90m    |[39m                              [31m[1m^[22m[39m[0m
[0m [90m 19 |[39m     data[33m.[39mmetrics[33m.[39mlength [33m>[39m [35m0[39m [33m||[39m[0m
[0m [90m 20 |[39m     data[33m.[39mkey_findings[33m.[39mlength [33m>[39m [35m0[39m[0m
[0m [90m 21 |[39m[0m
 ✓ Compiled in 145ms (3220 modules)
 ⨯ components/plans/EnvironmentalScanDisplay.tsx (26:29) @ length
 ⨯ TypeError: Cannot read properties of undefined (reading 'length')
    at EnvironmentalScanDisplay (./components/plans/EnvironmentalScanDisplay.tsx:45:48)
    at stringify (<anonymous>)
digest: "614778265"
[0m [90m 24 |[39m [36mexport[39m [36mfunction[39m [33mEnvironmentalScanDisplay[39m({ scan }[33m:[39m [33mEnvironmentalScanDisplayProps[39m) {[0m
[0m [90m 25 |[39m   [36mconst[39m hasContent [33m=[39m[0m
[0m[31m[1m>[22m[39m[90m 26 |[39m     scan[33m.[39mdemographic_trends[33m.[39mlength [33m>[39m [35m0[39m [33m||[39m[0m
[0m [90m    |[39m                             [31m[1m^[22m[39m[0m
[0m [90m 27 |[39m     scan[33m.[39meconomic_factors[33m.[39mlength [33m>[39m [35m0[39m [33m||[39m[0m
[0m [90m 28 |[39m     scan[33m.[39mregulatory_changes[33m.[39mlength [33m>[39m [35m0[39m [33m||[39m[0m
[0m [90m 29 |[39m     scan[33m.[39mtechnology_trends[33m.[39mlength [33m>[39m [35m0[39m [33m||[39m[0m
 ⨯ components/plans/BenchmarkingDataDisplay.tsx (18:30) @ length
 ⨯ TypeError: Cannot read properties of undefined (reading 'length')
    at BenchmarkingDataDisplay (./components/plans/BenchmarkingDataDisplay.tsx:13:49)
    at stringify (<anonymous>)
digest: "2215890011"
[0m [90m 16 |[39m [36mexport[39m [36mfunction[39m [33mBenchmarkingDataDisplay[39m({ data }[33m:[39m [33mBenchmarkingDataDisplayProps[39m) {[0m
[0m [90m 17 |[39m   [36mconst[39m hasContent [33m=[39m[0m
[0m[31m[1m>[22m[39m[90m 18 |[39m     data[33m.[39mpeer_municipalities[33m.[39mlength [33m>[39m [35m0[39m [33m||[39m[0m
[0m [90m    |[39m                              [31m[1m^[22m[39m[0m
[0m [90m 19 |[39m     data[33m.[39mmetrics[33m.[39mlength [33m>[39m [35m0[39m [33m||[39m[0m
[0m [90m 20 |[39m     data[33m.[39mkey_findings[33m.[39mlength [33m>[39m [35m0[39m[0m
[0m [90m 21 |[39m[0m
 ✓ Compiled in 226ms (3220 modules)
 ⨯ components/plans/EnvironmentalScanDisplay.tsx (26:29) @ length
 ⨯ TypeError: Cannot read properties of undefined (reading 'length')
    at EnvironmentalScanDisplay (./components/plans/EnvironmentalScanDisplay.tsx:45:48)
    at stringify (<anonymous>)
digest: "614778265"
[0m [90m 24 |[39m [36mexport[39m [36mfunction[39m [33mEnvironmentalScanDisplay[39m({ scan }[33m:[39m [33mEnvironmentalScanDisplayProps[39m) {[0m
[0m [90m 25 |[39m   [36mconst[39m hasContent [33m=[39m[0m
[0m[31m[1m>[22m[39m[90m 26 |[39m     scan[33m.[39mdemographic_trends[33m.[39mlength [33m>[39m [35m0[39m [33m||[39m[0m
[0m [90m    |[39m                             [31m[1m^[22m[39m[0m
[0m [90m 27 |[39m     scan[33m.[39meconomic_factors[33m.[39mlength [33m>[39m [35m0[39m [33m||[39m[0m
[0m [90m 28 |[39m     scan[33m.[39mregulatory_changes[33m.[39mlength [33m>[39m [35m0[39m [33m||[39m[0m
[0m [90m 29 |[39m     scan[33m.[39mtechnology_trends[33m.[39mlength [33m>[39m [35m0[39m [33m||[39m[0m
 ⨯ components/plans/BenchmarkingDataDisplay.tsx (18:30) @ length
 ⨯ TypeError: Cannot read properties of undefined (reading 'length')
    at BenchmarkingDataDisplay (./components/plans/BenchmarkingDataDisplay.tsx:13:49)
    at stringify (<anonymous>)
digest: "2215890011"
[0m [90m 16 |[39m [36mexport[39m [36mfunction[39m [33mBenchmarkingDataDisplay[39m({ data }[33m:[39m [33mBenchmarkingDataDisplayProps[39m) {[0m
[0m [90m 17 |[39m   [36mconst[39m hasContent [33m=[39m[0m
[0m[31m[1m>[22m[39m[90m 18 |[39m     data[33m.[39mpeer_municipalities[33m.[39mlength [33m>[39m [35m0[39m [33m||[39m[0m
[0m [90m    |[39m                              [31m[1m^[22m[39m[0m
[0m [90m 19 |[39m     data[33m.[39mmetrics[33m.[39mlength [33m>[39m [35m0[39m [33m||[39m[0m
[0m [90m 20 |[39m     data[33m.[39mkey_findings[33m.[39mlength [33m>[39m [35m0[39m[0m
[0m [90m 21 |[39m[0m
 ✓ Compiled in 170ms (3220 modules)
 ⨯ components/plans/EnvironmentalScanDisplay.tsx (26:29) @ length
 ⨯ TypeError: Cannot read properties of undefined (reading 'length')
    at EnvironmentalScanDisplay (./components/plans/EnvironmentalScanDisplay.tsx:45:48)
    at stringify (<anonymous>)
digest: "614778265"
[0m [90m 24 |[39m [36mexport[39m [36mfunction[39m [33mEnvironmentalScanDisplay[39m({ scan }[33m:[39m [33mEnvironmentalScanDisplayProps[39m) {[0m
[0m [90m 25 |[39m   [36mconst[39m hasContent [33m=[39m[0m
[0m[31m[1m>[22m[39m[90m 26 |[39m     scan[33m.[39mdemographic_trends[33m.[39mlength [33m>[39m [35m0[39m [33m||[39m[0m
[0m [90m    |[39m                             [31m[1m^[22m[39m[0m
[0m [90m 27 |[39m     scan[33m.[39meconomic_factors[33m.[39mlength [33m>[39m [35m0[39m [33m||[39m[0m
[0m [90m 28 |[39m     scan[33m.[39mregulatory_changes[33m.[39mlength [33m>[39m [35m0[39m [33m||[39m[0m
[0m [90m 29 |[39m     scan[33m.[39mtechnology_trends[33m.[39mlength [33m>[39m [35m0[39m [33m||[39m[0m
 ⨯ components/plans/BenchmarkingDataDisplay.tsx (18:30) @ length
 ⨯ TypeError: Cannot read properties of undefined (reading 'length')
    at BenchmarkingDataDisplay (./components/plans/BenchmarkingDataDisplay.tsx:13:49)
    at stringify (<anonymous>)
digest: "2215890011"
[0m [90m 16 |[39m [36mexport[39m [36mfunction[39m [33mBenchmarkingDataDisplay[39m({ data }[33m:[39m [33mBenchmarkingDataDisplayProps[39m) {[0m
[0m [90m 17 |[39m   [36mconst[39m hasContent [33m=[39m[0m
[0m[31m[1m>[22m[39m[90m 18 |[39m     data[33m.[39mpeer_municipalities[33m.[39mlength [33m>[39m [35m0[39m [33m||[39m[0m
[0m [90m    |[39m                              [31m[1m^[22m[39m[0m
[0m [90m 19 |[39m     data[33m.[39mmetrics[33m.[39mlength [33m>[39m [35m0[39m [33m||[39m[0m
[0m [90m 20 |[39m     data[33m.[39mkey_findings[33m.[39mlength [33m>[39m [35m0[39m[0m
[0m [90m 21 |[39m[0m
Error loading dashboard: Error: Unauthorized
    at getDashboardData (webpack-internal:///(rsc)/./app/actions/dashboard.ts:22:15)
    at async PlanDashboardPage (webpack-internal:///(rsc)/./app/(dashboard)/plans/[id]/page.tsx:48:25)
 GET /plans/4e3bfa44-2726-448a-a430-938ac2adb8b5 307 in 41ms
 POST /plans 200 in 59ms
 ⨯ components/plans/EnvironmentalScanDisplay.tsx (26:29) @ length
 ⨯ TypeError: Cannot read properties of undefined (reading 'length')
    at EnvironmentalScanDisplay (./components/plans/EnvironmentalScanDisplay.tsx:45:48)
    at stringify (<anonymous>)
digest: "614778265"
[0m [90m 24 |[39m [36mexport[39m [36mfunction[39m [33mEnvironmentalScanDisplay[39m({ scan }[33m:[39m [33mEnvironmentalScanDisplayProps[39m) {[0m
[0m [90m 25 |[39m   [36mconst[39m hasContent [33m=[39m[0m
[0m[31m[1m>[22m[39m[90m 26 |[39m     scan[33m.[39mdemographic_trends[33m.[39mlength [33m>[39m [35m0[39m [33m||[39m[0m
[0m [90m    |[39m                             [31m[1m^[22m[39m[0m
[0m [90m 27 |[39m     scan[33m.[39meconomic_factors[33m.[39mlength [33m>[39m [35m0[39m [33m||[39m[0m
[0m [90m 28 |[39m     scan[33m.[39mregulatory_changes[33m.[39mlength [33m>[39m [35m0[39m [33m||[39m[0m
[0m [90m 29 |[39m     scan[33m.[39mtechnology_trends[33m.[39mlength [33m>[39m [35m0[39m [33m||[39m[0m
 ⨯ components/plans/BenchmarkingDataDisplay.tsx (18:30) @ length
 ⨯ TypeError: Cannot read properties of undefined (reading 'length')
    at BenchmarkingDataDisplay (./components/plans/BenchmarkingDataDisplay.tsx:13:49)
    at stringify (<anonymous>)
digest: "2215890011"
[0m [90m 16 |[39m [36mexport[39m [36mfunction[39m [33mBenchmarkingDataDisplay[39m({ data }[33m:[39m [33mBenchmarkingDataDisplayProps[39m) {[0m
[0m [90m 17 |[39m   [36mconst[39m hasContent [33m=[39m[0m
[0m[31m[1m>[22m[39m[90m 18 |[39m     data[33m.[39mpeer_municipalities[33m.[39mlength [33m>[39m [35m0[39m [33m||[39m[0m
[0m [90m    |[39m                              [31m[1m^[22m[39m[0m
[0m [90m 19 |[39m     data[33m.[39mmetrics[33m.[39mlength [33m>[39m [35m0[39m [33m||[39m[0m
[0m [90m 20 |[39m     data[33m.[39mkey_findings[33m.[39mlength [33m>[39m [35m0[39m[0m
[0m [90m 21 |[39m[0m
 ⚠ Fast Refresh had to perform a full reload due to a runtime error.
 ✓ Compiled in 432ms (3220 modules)
 ⨯ components/plans/EnvironmentalScanDisplay.tsx (26:29) @ length
 ⨯ TypeError: Cannot read properties of undefined (reading 'length')
    at EnvironmentalScanDisplay (./components/plans/EnvironmentalScanDisplay.tsx:45:48)
    at stringify (<anonymous>)
digest: "614778265"
[0m [90m 24 |[39m [36mexport[39m [36mfunction[39m [33mEnvironmentalScanDisplay[39m({ scan }[33m:[39m [33mEnvironmentalScanDisplayProps[39m) {[0m
[0m [90m 25 |[39m   [36mconst[39m hasContent [33m=[39m[0m
[0m[31m[1m>[22m[39m[90m 26 |[39m     scan[33m.[39mdemographic_trends[33m.[39mlength [33m>[39m [35m0[39m [33m||[39m[0m
[0m [90m    |[39m                             [31m[1m^[22m[39m[0m
[0m [90m 27 |[39m     scan[33m.[39meconomic_factors[33m.[39mlength [33m>[39m [35m0[39m [33m||[39m[0m
[0m [90m 28 |[39m     scan[33m.[39mregulatory_changes[33m.[39mlength [33m>[39m [35m0[39m [33m||[39m[0m
[0m [90m 29 |[39m     scan[33m.[39mtechnology_trends[33m.[39mlength [33m>[39m [35m0[39m [33m||[39m[0m
 ⨯ components/plans/EnvironmentalScanDisplay.tsx (26:29) @ length
 ⨯ TypeError: Cannot read properties of undefined (reading 'length')
    at EnvironmentalScanDisplay (./components/plans/EnvironmentalScanDisplay.tsx:45:48)
    at stringify (<anonymous>)
digest: "614778265"
[0m [90m 24 |[39m [36mexport[39m [36mfunction[39m [33mEnvironmentalScanDisplay[39m({ scan }[33m:[39m [33mEnvironmentalScanDisplayProps[39m) {[0m
[0m [90m 25 |[39m   [36mconst[39m hasContent [33m=[39m[0m
[0m[31m[1m>[22m[39m[90m 26 |[39m     scan[33m.[39mdemographic_trends[33m.[39mlength [33m>[39m [35m0[39m [33m||[39m[0m
[0m [90m    |[39m                             [31m[1m^[22m[39m[0m
[0m [90m 27 |[39m     scan[33m.[39meconomic_factors[33m.[39mlength [33m>[39m [35m0[39m [33m||[39m[0m
[0m [90m 28 |[39m     scan[33m.[39mregulatory_changes[33m.[39mlength [33m>[39m [35m0[39m [33m||[39m[0m
[0m [90m 29 |[39m     scan[33m.[39mtechnology_trends[33m.[39mlength [33m>[39m [35m0[39m [33m||[39m[0m
 GET /plans/4baca38f-3cc7-4bd1-8570-9ba80b9856ec 500 in 460ms
 ⚠ Fast Refresh had to perform a full reload due to a runtime error.
 ✓ Compiled in 198ms (3220 modules)
 ⨯ components/plans/EnvironmentalScanDisplay.tsx (26:29) @ length
 ⨯ TypeError: Cannot read properties of undefined (reading 'length')
    at EnvironmentalScanDisplay (./components/plans/EnvironmentalScanDisplay.tsx:45:48)
    at stringify (<anonymous>)
digest: "614778265"
[0m [90m 24 |[39m [36mexport[39m [36mfunction[39m [33mEnvironmentalScanDisplay[39m({ scan }[33m:[39m [33mEnvironmentalScanDisplayProps[39m) {[0m
[0m [90m 25 |[39m   [36mconst[39m hasContent [33m=[39m[0m
[0m[31m[1m>[22m[39m[90m 26 |[39m     scan[33m.[39mdemographic_trends[33m.[39mlength [33m>[39m [35m0[39m [33m||[39m[0m
[0m [90m    |[39m                             [31m[1m^[22m[39m[0m
[0m [90m 27 |[39m     scan[33m.[39meconomic_factors[33m.[39mlength [33m>[39m [35m0[39m [33m||[39m[0m
[0m [90m 28 |[39m     scan[33m.[39mregulatory_changes[33m.[39mlength [33m>[39m [35m0[39m [33m||[39m[0m
[0m [90m 29 |[39m     scan[33m.[39mtechnology_trends[33m.[39mlength [33m>[39m [35m0[39m [33m||[39m[0m
 ⨯ components/plans/EnvironmentalScanDisplay.tsx (26:29) @ length
 ⨯ TypeError: Cannot read properties of undefined (reading 'length')
    at EnvironmentalScanDisplay (./components/plans/EnvironmentalScanDisplay.tsx:45:48)
    at stringify (<anonymous>)
digest: "614778265"
[0m [90m 24 |[39m [36mexport[39m [36mfunction[39m [33mEnvironmentalScanDisplay[39m({ scan }[33m:[39m [33mEnvironmentalScanDisplayProps[39m) {[0m
[0m [90m 25 |[39m   [36mconst[39m hasContent [33m=[39m[0m
[0m[31m[1m>[22m[39m[90m 26 |[39m     scan[33m.[39mdemographic_trends[33m.[39mlength [33m>[39m [35m0[39m [33m||[39m[0m
[0m [90m    |[39m                             [31m[1m^[22m[39m[0m
[0m [90m 27 |[39m     scan[33m.[39meconomic_factors[33m.[39mlength [33m>[39m [35m0[39m [33m||[39m[0m
[0m [90m 28 |[39m     scan[33m.[39mregulatory_changes[33m.[39mlength [33m>[39m [35m0[39m [33m||[39m[0m
[0m [90m 29 |[39m     scan[33m.[39mtechnology_trends[33m.[39mlength [33m>[39m [35m0[39m [33m||[39m[0m
 GET /plans/4baca38f-3cc7-4bd1-8570-9ba80b9856ec 500 in 224ms
 ✓ Compiled in 161ms (3220 modules)
 ⚠ Fast Refresh had to perform a full reload due to a runtime error.
 GET /plans/4baca38f-3cc7-4bd1-8570-9ba80b9856ec 200 in 124ms
Error fetching approval history: {
  code: '42703',
  details: null,
  hint: null,
  message: 'column audit_logs.entity_id does not exist'
}
 POST /plans/4baca38f-3cc7-4bd1-8570-9ba80b9856ec 200 in 49ms
 POST /plans/4baca38f-3cc7-4bd1-8570-9ba80b9856ec 200 in 12ms
 POST /plans/4baca38f-3cc7-4bd1-8570-9ba80b9856ec 200 in 8ms
Error fetching approval history: {
  code: '42703',
  details: null,
  hint: null,
  message: 'column audit_logs.entity_id does not exist'
}
 POST /plans/4baca38f-3cc7-4bd1-8570-9ba80b9856ec 200 in 11ms
 POST /plans/4baca38f-3cc7-4bd1-8570-9ba80b9856ec 200 in 14ms
 POST /plans/4baca38f-3cc7-4bd1-8570-9ba80b9856ec 200 in 8ms
 ✓ Compiled in 157ms (3220 modules)
 ○ Compiling /plans/[id]/edit ...
 ✓ Compiled /plans/[id]/edit in 554ms (3309 modules)
Error fetching strategic plan: {
  code: 'PGRST116',
  details: 'The result contains 0 rows',
  hint: null,
  message: 'Cannot coerce the result to a single JSON object'
}
Error loading plan: Error: Failed to fetch strategic plan
    at getStrategicPlanForEdit (webpack-internal:///(rsc)/./app/actions/strategic-plans.ts:208:15)
    at process.processTicksAndRejections (node:internal/process/task_queues:105:5)
    at async PlanEditPage (webpack-internal:///(rsc)/./app/(dashboard)/plans/[id]/edit/page.tsx:39:16)
Error fetching approval history: {
  code: '42703',
  details: null,
  hint: null,
  message: 'column audit_logs.entity_id does not exist'
}
 POST /plans/4baca38f-3cc7-4bd1-8570-9ba80b9856ec 200 in 57ms
 POST /plans/4baca38f-3cc7-4bd1-8570-9ba80b9856ec 200 in 12ms
 POST /plans/4baca38f-3cc7-4bd1-8570-9ba80b9856ec 200 in 7ms
Error fetching approval history: {
  code: '42703',
  details: null,
  hint: null,
  message: 'column audit_logs.entity_id does not exist'
}
 POST /plans/4baca38f-3cc7-4bd1-8570-9ba80b9856ec 200 in 13ms
 POST /plans/4baca38f-3cc7-4bd1-8570-9ba80b9856ec 200 in 8ms
 POST /plans/4baca38f-3cc7-4bd1-8570-9ba80b9856ec 200 in 7ms
 ✓ Compiled in 190ms (3323 modules)
 ✓ Compiled in 192ms (3323 modules)
 ✓ Compiled /admin/fiscal-years in 113ms (2180 modules)
 GET /admin/fiscal-years 307 in 154ms
 GET /plans/4baca38f-3cc7-4bd1-8570-9ba80b9856ec 200 in 142ms
Error fetching approval history: {
  code: '42703',
  details: null,
  hint: null,
  message: 'column audit_logs.entity_id does not exist'
}
 POST /plans/4baca38f-3cc7-4bd1-8570-9ba80b9856ec 200 in 32ms
 POST /plans/4baca38f-3cc7-4bd1-8570-9ba80b9856ec 200 in 15ms
 POST /plans/4baca38f-3cc7-4bd1-8570-9ba80b9856ec 200 in 8ms
Error fetching approval history: {
  code: '42703',
  details: null,
  hint: null,
  message: 'column audit_logs.entity_id does not exist'
}
 POST /plans/4baca38f-3cc7-4bd1-8570-9ba80b9856ec 200 in 13ms
 POST /plans/4baca38f-3cc7-4bd1-8570-9ba80b9856ec 200 in 13ms
 POST /plans/4baca38f-3cc7-4bd1-8570-9ba80b9856ec 200 in 9ms
 ○ Compiling /finance ...
 ✓ Compiled /finance in 897ms (3315 modules)
Would fetch finance budgets: {
  filters: {},
  page: 1,
  pageSize: 50,
  sortBy: 'total_cost',
  sortOrder: 'desc'
}
 POST /finance 200 in 12ms
Would fetch finance budgets: {
  filters: {},
  page: 1,
  pageSize: 50,
  sortBy: 'total_cost',
  sortOrder: 'desc'
}
 POST /finance 200 in 6ms
 ✓ Compiled /plans/[id]/edit in 201ms (2205 modules)
Error loading plan: Error: Unauthorized
    at getStrategicPlanForEdit (webpack-internal:///(rsc)/./app/actions/strategic-plans.ts:180:15)
    at async PlanEditPage (webpack-internal:///(rsc)/./app/(dashboard)/plans/[id]/edit/page.tsx:39:16)
 GET /plans/4baca38f-3cc7-4bd1-8570-9ba80b9856ec/edit 307 in 279ms
 GET /plans 200 in 93ms
 GET /dashboard 200 in 76ms
 ✓ Compiled in 243ms (3389 modules)
Error loading plan: Error: Unauthorized
    at getStrategicPlanForEdit (webpack-internal:///(rsc)/./app/actions/strategic-plans.ts:181:15)
    at async PlanEditPage (webpack-internal:///(rsc)/./app/(dashboard)/plans/[id]/edit/page.tsx:39:16)
 GET /plans/4baca38f-3cc7-4bd1-8570-9ba80b9856ec/edit 307 in 44ms
 ✓ Compiled /finance/categories in 279ms (3400 modules)
 POST /finance/categories 200 in 38ms
 POST /finance/categories 200 in 14ms
 POST /finance/categories 200 in 37ms
 POST /plans 200 in 56ms
Error fetching approval history: {
  code: '42703',
  details: null,
  hint: null,
  message: 'column audit_logs.entity_id does not exist'
}
 POST /plans/752274f1-06f1-4ff9-b181-029bd2fec245 200 in 17ms
 POST /plans/752274f1-06f1-4ff9-b181-029bd2fec245 200 in 12ms
 POST /plans/752274f1-06f1-4ff9-b181-029bd2fec245 200 in 6ms
Error fetching approval history: {
  code: '42703',
  details: null,
  hint: null,
  message: 'column audit_logs.entity_id does not exist'
}
 POST /plans/752274f1-06f1-4ff9-b181-029bd2fec245 200 in 9ms
 POST /plans/752274f1-06f1-4ff9-b181-029bd2fec245 200 in 12ms
 POST /plans/752274f1-06f1-4ff9-b181-029bd2fec245 200 in 8ms
 POST /plans/752274f1-06f1-4ff9-b181-029bd2fec245/edit 200 in 14ms
 POST /plans/752274f1-06f1-4ff9-b181-029bd2fec245/edit 200 in 12ms
 POST /plans/752274f1-06f1-4ff9-b181-029bd2fec245/edit 200 in 13ms
 POST /plans/752274f1-06f1-4ff9-b181-029bd2fec245/edit 200 in 10ms
 POST /plans/752274f1-06f1-4ff9-b181-029bd2fec245/edit 200 in 11ms
 POST /plans/752274f1-06f1-4ff9-b181-029bd2fec245/edit 200 in 12ms
 ⨯ app/actions/strategic-plans.ts (478:11) @ updateStrategicPlan
 ⨯ Error: Plan not found
    at updateStrategicPlan (./app/actions/strategic-plans.ts:254:15)
digest: "3490871311"
[0m [90m 476 |[39m[0m
[0m [90m 477 |[39m   [36mif[39m ([33m![39mplan) {[0m
[0m[31m[1m>[22m[39m[90m 478 |[39m     [36mthrow[39m [36mnew[39m [33mError[39m([32m'Plan not found'[39m)[0m
[0m [90m     |[39m           [31m[1m^[22m[39m[0m
[0m [90m 479 |[39m   }[0m
[0m [90m 480 |[39m[0m
[0m [90m 481 |[39m   [36mconst[39m { data[33m:[39m userProfile } [33m=[39m [36mawait[39m supabase[0m
 POST /plans/752274f1-06f1-4ff9-b181-029bd2fec245/edit 500 in 32ms
 ✓ Compiled in 271ms (3414 modules)
 ⨯ app/actions/strategic-plans.ts (480:11) @ updateStrategicPlan
 ⨯ Error: Plan not found
    at updateStrategicPlan (./app/actions/strategic-plans.ts:256:15)
digest: "3610353485"
[0m [90m 478 |[39m[0m
[0m [90m 479 |[39m   [36mif[39m ([33m![39mplan) {[0m
[0m[31m[1m>[22m[39m[90m 480 |[39m     [36mthrow[39m [36mnew[39m [33mError[39m([32m'Plan not found'[39m)[0m
[0m [90m     |[39m           [31m[1m^[22m[39m[0m
[0m [90m 481 |[39m   }[0m
[0m [90m 482 |[39m[0m
[0m [90m 483 |[39m   [36mconst[39m { data[33m:[39m userProfile } [33m=[39m [36mawait[39m supabase[0m
 POST /plans/752274f1-06f1-4ff9-b181-029bd2fec245/edit 500 in 39ms
 ⨯ app/actions/strategic-plans.ts (480:11) @ updateStrategicPlan
 ⨯ Error: Plan not found
    at updateStrategicPlan (./app/actions/strategic-plans.ts:256:15)
digest: "3610353485"
[0m [90m 478 |[39m[0m
[0m [90m 479 |[39m   [36mif[39m ([33m![39mplan) {[0m
[0m[31m[1m>[22m[39m[90m 480 |[39m     [36mthrow[39m [36mnew[39m [33mError[39m([32m'Plan not found'[39m)[0m
[0m [90m     |[39m           [31m[1m^[22m[39m[0m
[0m [90m 481 |[39m   }[0m
[0m [90m 482 |[39m[0m
[0m [90m 483 |[39m   [36mconst[39m { data[33m:[39m userProfile } [33m=[39m [36mawait[39m supabase[0m
 POST /plans/752274f1-06f1-4ff9-b181-029bd2fec245/edit 500 in 31ms
 ✓ Compiled /_not-found in 211ms (3378 modules)
 GET /.well-known/appspecific/com.chrome.devtools.json 404 in 236ms
 GET /plans 200 in 128ms
 GET /.well-known/appspecific/com.chrome.devtools.json 404 in 15ms
 POST /plans/752274f1-06f1-4ff9-b181-029bd2fec245/edit 200 in 31ms
 POST /plans/752274f1-06f1-4ff9-b181-029bd2fec245/edit 200 in 12ms
 POST /plans/752274f1-06f1-4ff9-b181-029bd2fec245/edit 200 in 14ms
 POST /plans/752274f1-06f1-4ff9-b181-029bd2fec245/edit 200 in 12ms
 POST /plans/752274f1-06f1-4ff9-b181-029bd2fec245/edit 200 in 10ms
 POST /plans/752274f1-06f1-4ff9-b181-029bd2fec245/edit 200 in 12ms
 ⨯ app/actions/strategic-plans.ts (480:11) @ updateStrategicPlan
 ⨯ Error: Plan not found
    at updateStrategicPlan (./app/actions/strategic-plans.ts:256:15)
digest: "3610353485"
[0m [90m 478 |[39m[0m
[0m [90m 479 |[39m   [36mif[39m ([33m![39mplan) {[0m
[0m[31m[1m>[22m[39m[90m 480 |[39m     [36mthrow[39m [36mnew[39m [33mError[39m([32m'Plan not found'[39m)[0m
[0m [90m     |[39m           [31m[1m^[22m[39m[0m
[0m [90m 481 |[39m   }[0m
[0m [90m 482 |[39m[0m
[0m [90m 483 |[39m   [36mconst[39m { data[33m:[39m userProfile } [33m=[39m [36mawait[39m supabase[0m
 POST /plans/752274f1-06f1-4ff9-b181-029bd2fec245/edit 500 in 34ms
 ⨯ app/actions/strategic-plans.ts (480:11) @ updateStrategicPlan
 ⨯ Error: Plan not found
    at updateStrategicPlan (./app/actions/strategic-plans.ts:256:15)
digest: "3610353485"
[0m [90m 478 |[39m[0m
[0m [90m 479 |[39m   [36mif[39m ([33m![39mplan) {[0m
[0m[31m[1m>[22m[39m[90m 480 |[39m     [36mthrow[39m [36mnew[39m [33mError[39m([32m'Plan not found'[39m)[0m
[0m [90m     |[39m           [31m[1m^[22m[39m[0m
[0m [90m 481 |[39m   }[0m
[0m [90m 482 |[39m[0m
[0m [90m 483 |[39m   [36mconst[39m { data[33m:[39m userProfile } [33m=[39m [36mawait[39m supabase[0m
 POST /plans/752274f1-06f1-4ff9-b181-029bd2fec245/edit 500 in 21ms
 ✓ Compiled in 234ms (3393 modules)
 ✓ Compiled in 188ms (3393 modules)
 GET /plans/752274f1-06f1-4ff9-b181-029bd2fec245/edit 200 in 58ms
 POST /plans/752274f1-06f1-4ff9-b181-029bd2fec245/edit 200 in 20ms
 POST /plans/752274f1-06f1-4ff9-b181-029bd2fec245/edit 200 in 11ms
 POST /plans/752274f1-06f1-4ff9-b181-029bd2fec245/edit 200 in 14ms
 POST /plans/752274f1-06f1-4ff9-b181-029bd2fec245/edit 200 in 11ms
 POST /plans/752274f1-06f1-4ff9-b181-029bd2fec245/edit 200 in 11ms
 POST /plans/752274f1-06f1-4ff9-b181-029bd2fec245/edit 200 in 12ms
 ✓ Compiled in 219ms (3393 modules)
 ✓ Compiled in 194ms (3393 modules)
 ✓ Compiled in 196ms (3390 modules)
Error fetching strategic plan: {
  code: 'PGRST116',
  details: 'The result contains 0 rows',
  hint: null,
  message: 'Cannot coerce the result to a single JSON object'
}
Error loading plan: Error: Failed to fetch strategic plan
    at getStrategicPlanForEdit (webpack-internal:///(rsc)/./app/actions/strategic-plans.ts:212:15)
    at process.processTicksAndRejections (node:internal/process/task_queues:105:5)
    at async PlanEditPage (webpack-internal:///(rsc)/./app/(dashboard)/plans/[id]/edit/page.tsx:39:16)
 ✓ Compiled in 187ms (3390 modules)
Error fetching strategic plan: {
  code: 'PGRST116',
  details: 'The result contains 0 rows',
  hint: null,
  message: 'Cannot coerce the result to a single JSON object'
}
Error loading plan: Error: Failed to fetch strategic plan
    at getStrategicPlanForEdit (webpack-internal:///(rsc)/./app/actions/strategic-plans.ts:212:15)
    at process.processTicksAndRejections (node:internal/process/task_queues:105:5)
    at async PlanEditPage (webpack-internal:///(rsc)/./app/(dashboard)/plans/[id]/edit/page.tsx:39:16)
 ✓ Compiled in 89ms (1193 modules)
Error fetching strategic plan: {
  code: 'PGRST116',
  details: 'The result contains 0 rows',
  hint: null,
  message: 'Cannot coerce the result to a single JSON object'
}
Error loading plan: Error: Failed to fetch strategic plan
    at getStrategicPlanForEdit (webpack-internal:///(rsc)/./app/actions/strategic-plans.ts:212:15)
    at process.processTicksAndRejections (node:internal/process/task_queues:105:5)
    at async PlanEditPage (webpack-internal:///(rsc)/./app/(dashboard)/plans/[id]/edit/page.tsx:39:16)
Error fetching strategic plan: {
  code: 'PGRST116',
  details: 'The result contains 0 rows',
  hint: null,
  message: 'Cannot coerce the result to a single JSON object'
}
Error loading plan: Error: Failed to fetch strategic plan
    at getStrategicPlanForEdit (webpack-internal:///(rsc)/./app/actions/strategic-plans.ts:212:15)
    at process.processTicksAndRejections (node:internal/process/task_queues:105:5)
    at async PlanEditPage (webpack-internal:///(rsc)/./app/(dashboard)/plans/[id]/edit/page.tsx:39:16)
 GET /plans/752274f1-06f1-4ff9-b181-029bd2fec245/edit 404 in 76ms
 GET /plans 200 in 76ms
 POST /plans 200 in 87ms
Error fetching approval history: {
  code: '42703',
  details: null,
  hint: null,
  message: 'column audit_logs.entity_id does not exist'
}
 POST /plans/5b2c1f65-d03e-491a-872f-b9204e568651 200 in 19ms
 POST /plans/5b2c1f65-d03e-491a-872f-b9204e568651 200 in 11ms
 POST /plans/5b2c1f65-d03e-491a-872f-b9204e568651 200 in 8ms
Error fetching approval history: {
  code: '42703',
  details: null,
  hint: null,
  message: 'column audit_logs.entity_id does not exist'
}
 POST /plans/5b2c1f65-d03e-491a-872f-b9204e568651 200 in 9ms
 POST /plans/5b2c1f65-d03e-491a-872f-b9204e568651 200 in 10ms
 POST /plans/5b2c1f65-d03e-491a-872f-b9204e568651 200 in 8ms
 POST /plans/5b2c1f65-d03e-491a-872f-b9204e568651/edit 200 in 13ms
 POST /plans/5b2c1f65-d03e-491a-872f-b9204e568651/edit 200 in 11ms
 POST /plans/5b2c1f65-d03e-491a-872f-b9204e568651/edit 200 in 15ms
 POST /plans/5b2c1f65-d03e-491a-872f-b9204e568651/edit 200 in 10ms
 POST /plans/5b2c1f65-d03e-491a-872f-b9204e568651/edit 200 in 9ms
 POST /plans/5b2c1f65-d03e-491a-872f-b9204e568651/edit 200 in 10ms
 ⨯ app/actions/strategic-plans.ts (480:11) @ updateStrategicPlan
 ⨯ Error: Plan not found
    at updateStrategicPlan (./app/actions/strategic-plans.ts:256:15)
digest: "3610353485"
[0m [90m 478 |[39m[0m
[0m [90m 479 |[39m   [36mif[39m ([33m![39mplan) {[0m
[0m[31m[1m>[22m[39m[90m 480 |[39m     [36mthrow[39m [36mnew[39m [33mError[39m([32m'Plan not found'[39m)[0m
[0m [90m     |[39m           [31m[1m^[22m[39m[0m
[0m [90m 481 |[39m   }[0m
[0m [90m 482 |[39m[0m
[0m [90m 483 |[39m   [36mconst[39m { data[33m:[39m userProfile } [33m=[39m [36mawait[39m supabase[0m
 POST /plans/5b2c1f65-d03e-491a-872f-b9204e568651/edit 500 in 36ms
 ✓ Compiled in 180ms (3390 modules)
